<?xml version="1.0" encoding="UTF-8"?>
<!-- Generated by org.testng.reporters.JUnitXMLReporter -->
<testsuite hostname="DESKTOP-2F9I86H" ignored="0" name="TestOnFirefox" tests="5" failures="5" timestamp="2020-04-07T12:32:42 IST" time="26.348" errors="0">
  <testcase name="fbLoginTest" time="0.007" classname="TestCases.LoginTestCase">
    <failure type="java.lang.NullPointerException">
      <![CDATA[java.lang.NullPointerException
at base.TestBase.input_data(TestBase.java:143)
at pageObjects.LogInPage.login(LogInPage.java:24)
at TestCases.LoginTestCase.fbLoginTest(LoginTestCase.java:41)
at java.util.concurrent.FutureTask.run(Unknown Source)
at java.util.concurrent.ThreadPoolExecutor.runWorker(Unknown Source)
at java.util.concurrent.ThreadPoolExecutor$Worker.run(Unknown Source)
at java.lang.Thread.run(Unknown Source)
... Removed 16 stack frames]]>
    </failure>
  </testcase> <!-- fbLoginTest -->
  <testcase name="clickAdminLink" time="0.002" classname="TestCases.HomeTestCase">
    <failure type="java.lang.NullPointerException">
      <![CDATA[java.lang.NullPointerException
at base.TestBase.click_On_Button(TestBase.java:172)
at pageObjects.HomePage.homeDashBoard(HomePage.java:27)
at TestCases.HomeTestCase.clickAdminLink(HomeTestCase.java:32)
at java.util.concurrent.FutureTask.run(Unknown Source)
at java.util.concurrent.ThreadPoolExecutor.runWorker(Unknown Source)
at java.util.concurrent.ThreadPoolExecutor$Worker.run(Unknown Source)
at java.lang.Thread.run(Unknown Source)
... Removed 16 stack frames]]>
    </failure>
  </testcase> <!-- clickAdminLink -->
  <testcase name="add_usersTestCase" time="2.002" classname="TestCases.HomeTestCase">
    <failure type="java.lang.NullPointerException">
      <![CDATA[java.lang.NullPointerException
at TestCases.HomeTestCase.add_usersTestCase(HomeTestCase.java:41)
at java.util.concurrent.FutureTask.run(Unknown Source)
at java.util.concurrent.ThreadPoolExecutor.runWorker(Unknown Source)
at java.util.concurrent.ThreadPoolExecutor$Worker.run(Unknown Source)
at java.lang.Thread.run(Unknown Source)
... Removed 16 stack frames]]>
    </failure>
  </testcase> <!-- add_usersTestCase -->
  <testcase name="delUsersTestCase" time="0.004" classname="TestCases.HomeTestCase">
    <failure type="java.lang.NullPointerException">
      <![CDATA[java.lang.NullPointerException
at TestCases.HomeTestCase.delUsersTestCase(HomeTestCase.java:49)
at java.util.concurrent.FutureTask.run(Unknown Source)
at java.util.concurrent.ThreadPoolExecutor.runWorker(Unknown Source)
at java.util.concurrent.ThreadPoolExecutor$Worker.run(Unknown Source)
at java.lang.Thread.run(Unknown Source)
... Removed 16 stack frames]]>
    </failure>
  </testcase> <!-- delUsersTestCase -->
  <testcase name="logOutTc" time="5.005" classname="TestCases.HomeTestCase">
    <failure type="java.lang.NullPointerException">
      <![CDATA[java.lang.NullPointerException
at base.TestBase.click_On_Button(TestBase.java:172)
at pageObjects.HomePage.logOutFunc(HomePage.java:20)
at TestCases.HomeTestCase.logOutTc(HomeTestCase.java:55)
at java.util.concurrent.FutureTask.run(Unknown Source)
at java.util.concurrent.ThreadPoolExecutor.runWorker(Unknown Source)
at java.util.concurrent.ThreadPoolExecutor$Worker.run(Unknown Source)
at java.lang.Thread.run(Unknown Source)
... Removed 16 stack frames]]>
    </failure>
  </testcase> <!-- logOutTc -->
</testsuite> <!-- TestOnFirefox -->
